<?xml version="1.0" encoding="UTF-8"?>
<!-- Generated by org.testng.reporters.JUnitReportReporter -->
<testsuite hostname="DESKTOP-V19UTEJ" failures="0" tests="1" name="com.TesetNG.Ex.Time_out" time="8.030" errors="1" timestamp="2023-03-20T09:54:51 IST" skipped="0">
  <testcase classname="com.TesetNG.Ex.Time_out" name="one" time="8.030">
    <error message="Method com.TesetNG.Ex.Time_out.one() didn&#039;t finish within the time-out 8000" type="org.testng.internal.thread.ThreadTimeoutException">
      <![CDATA[org.testng.internal.thread.ThreadTimeoutException: Method com.TesetNG.Ex.Time_out.one() didn't finish within the time-out 8000
at java.base@17.0.5/java.io.WinNTFileSystem.getBooleanAttributes(Native Method)
at java.base@17.0.5/java.io.FileSystem.hasBooleanAttributes(FileSystem.java:125)
at java.base@17.0.5/java.io.File.exists(File.java:834)
at java.base@17.0.5/jdk.internal.loader.URLClassPath$FileLoader.getResource(URLClassPath.java:1262)
at java.base@17.0.5/jdk.internal.loader.URLClassPath.getResource(URLClassPath.java:319)
at java.base@17.0.5/jdk.internal.loader.BuiltinClassLoader.findClassOnClassPathOrNull(BuiltinClassLoader.java:757)
at java.base@17.0.5/jdk.internal.loader.BuiltinClassLoader.loadClassOrNull(BuiltinClassLoader.java:681)
at java.base@17.0.5/jdk.internal.loader.BuiltinClassLoader.loadClass(BuiltinClassLoader.java:639)
at java.base@17.0.5/jdk.internal.loader.ClassLoaders$AppClassLoader.loadClass(ClassLoaders.java:188)
at java.base@17.0.5/java.lang.ClassLoader.loadClass(ClassLoader.java:520)
at app//org.openqa.selenium.remote.service.DriverCommandExecutor.execute(DriverCommandExecutor.java:144)
at app//org.openqa.selenium.remote.RemoteWebDriver.execute(RemoteWebDriver.java:535)
at app//org.openqa.selenium.remote.RemoteWebDriver.get(RemoteWebDriver.java:296)
at app//com.TesetNG.Ex.Time_out.one(Time_out.java:13)
at java.base@17.0.5/jdk.internal.reflect.NativeMethodAccessorImpl.invoke0(Native Method)
at java.base@17.0.5/jdk.internal.reflect.NativeMethodAccessorImpl.invoke(NativeMethodAccessorImpl.java:77)
at java.base@17.0.5/jdk.internal.reflect.DelegatingMethodAccessorImpl.invoke(DelegatingMethodAccessorImpl.java:43)
at java.base@17.0.5/java.lang.reflect.Method.invoke(Method.java:568)
at app//org.testng.internal.MethodInvocationHelper.invokeMethod(MethodInvocationHelper.java:133)
at app//org.testng.internal.InvokeMethodRunnable.runOne(InvokeMethodRunnable.java:51)
at app//org.testng.internal.InvokeMethodRunnable.run(InvokeMethodRunnable.java:41)
at java.base@17.0.5/java.util.concurrent.Executors$RunnableAdapter.call(Executors.java:539)
at java.base@17.0.5/java.util.concurrent.FutureTask.run(FutureTask.java:264)
at java.base@17.0.5/java.util.concurrent.ThreadPoolExecutor.runWorker(ThreadPoolExecutor.java:1136)
at java.base@17.0.5/java.util.concurrent.ThreadPoolExecutor$Worker.run(ThreadPoolExecutor.java:635)
at java.base@17.0.5/java.lang.Thread.run(Thread.java:833)
]]>
    </error>
  </testcase> <!-- one -->
</testsuite> <!-- com.TesetNG.Ex.Time_out -->
